# JRE version: Java(TM) SE Runtime Environment (8.0_172-b11) (build 1.8.0_172-b11)
# Java VM: Java HotSpot(TM) 64-Bit Server VM (25.172-b11 mixed mode windows-amd64 compressed oops)
Heap:
 def new generation   total 9792K, used 2670K [0x00000000e0000000, 0x00000000e0aa0000, 0x00000000eaaa0000)
  eden space 8704K,  18% used [0x00000000e0000000, 0x00000000e018b920, 0x00000000e0880000)
  from space 1088K, 100% used [0x00000000e0990000, 0x00000000e0aa0000, 0x00000000e0aa0000)
  to   space 1088K,   0% used [0x00000000e0880000, 0x00000000e0880000, 0x00000000e0990000)
 tenured generation   total 21888K, used 6722K [0x00000000eaaa0000, 0x00000000ec000000, 0x0000000100000000)
   the space 21888K,  30% used [0x00000000eaaa0000, 0x00000000eb1308e0, 0x00000000eb130a00, 0x00000000ec000000)
 Metaspace       used 14474K, capacity 14666K, committed 14976K, reserved 1062912K
  class space    used 1799K, capacity 1871K, committed 1920K, reserved 1048576K
GC Heap History (10 events):
Event: 4.269 GC heap before
{Heap before GC invocations=4 (full 0):
 def new generation   total 9792K, used 9444K [0x00000000e0000000, 0x00000000e0aa0000, 0x00000000eaaa0000)
  eden space 8704K, 100% used [0x00000000e0000000, 0x00000000e0880000, 0x00000000e0880000)
  from space 1088K,  68% used [0x00000000e0880000, 0x00000000e0939128, 0x00000000e0990000)
  to   space 1088K,   0% used [0x00000000e0990000, 0x00000000e0990000, 0x00000000e0aa0000)
 tenured generation   total 21888K, used 2608K [0x00000000eaaa0000, 0x00000000ec000000, 0x0000000100000000)
   the space 21888K,  11% used [0x00000000eaaa0000, 0x00000000ead2c030, 0x00000000ead2c200, 0x00000000ec000000)
 Metaspace       used 9010K, capacity 9166K, committed 9472K, reserved 1056768K
  class space    used 1126K, capacity 1180K, committed 1280K, reserved 1048576K
Event: 4.273 GC heap after
Heap after GC invocations=5 (full 0):
 def new generation   total 9792K, used 1087K [0x00000000e0000000, 0x00000000e0aa0000, 0x00000000eaaa0000)
  eden space 8704K,   0% used [0x00000000e0000000, 0x00000000e0000000, 0x00000000e0880000)
  from space 1088K,  99% used [0x00000000e0990000, 0x00000000e0a9fff8, 0x00000000e0aa0000)
  to   space 1088K,   0% used [0x00000000e0880000, 0x00000000e0880000, 0x00000000e0990000)
 tenured generation   total 21888K, used 3278K [0x00000000eaaa0000, 0x00000000ec000000, 0x0000000100000000)
   the space 21888K,  14% used [0x00000000eaaa0000, 0x00000000eadd3968, 0x00000000eadd3a00, 0x00000000ec000000)
 Metaspace       used 9010K, capacity 9166K, committed 9472K, reserved 1056768K
  class space    used 1126K, capacity 1180K, committed 1280K, reserved 1048576K
}
Event: 4.831 GC heap before
{Heap before GC invocations=5 (full 0):
 def new generation   total 9792K, used 9791K [0x00000000e0000000, 0x00000000e0aa0000, 0x00000000eaaa0000)
  eden space 8704K, 100% used [0x00000000e0000000, 0x00000000e0880000, 0x00000000e0880000)
  from space 1088K,  99% used [0x00000000e0990000, 0x00000000e0a9fff8, 0x00000000e0aa0000)
  to   space 1088K,   0% used [0x00000000e0880000, 0x00000000e0880000, 0x00000000e0990000)
 tenured generation   total 21888K, used 3278K [0x00000000eaaa0000, 0x00000000ec000000, 0x0000000100000000)
   the space 21888K,  14% used [0x00000000eaaa0000, 0x00000000eadd3968, 0x00000000eadd3a00, 0x00000000ec000000)
 Metaspace       used 10271K, capacity 10494K, committed 10752K, reserved 1058816K
  class space    used 1296K, capacity 1411K, committed 1536K, reserved 1048576K
Event: 4.836 GC heap after
Heap after GC invocations=6 (full 0):
 def new generation   total 9792K, used 1088K [0x00000000e0000000, 0x00000000e0aa0000, 0x00000000eaaa0000)
  eden space 8704K,   0% used [0x00000000e0000000, 0x00000000e0000000, 0x00000000e0880000)
  from space 1088K, 100% used [0x00000000e0880000, 0x00000000e0990000, 0x00000000e0990000)
  to   space 1088K,   0% used [0x00000000e0990000, 0x00000000e0990000, 0x00000000e0aa0000)
 tenured generation   total 21888K, used 3952K [0x00000000eaaa0000, 0x00000000ec000000, 0x0000000100000000)
   the space 21888K,  18% used [0x00000000eaaa0000, 0x00000000eae7c1b8, 0x00000000eae7c200, 0x00000000ec000000)
 Metaspace       used 10271K, capacity 10494K, committed 10752K, reserved 1058816K
  class space    used 1296K, capacity 1411K, committed 1536K, reserved 1048576K
}
Event: 5.296 GC heap before
{Heap before GC invocations=6 (full 0):
 def new generation   total 9792K, used 9792K [0x00000000e0000000, 0x00000000e0aa0000, 0x00000000eaaa0000)
  eden space 8704K, 100% used [0x00000000e0000000, 0x00000000e0880000, 0x00000000e0880000)
  from space 1088K, 100% used [0x00000000e0880000, 0x00000000e0990000, 0x00000000e0990000)
  to   space 1088K,   0% used [0x00000000e0990000, 0x00000000e0990000, 0x00000000e0aa0000)
 tenured generation   total 21888K, used 3952K [0x00000000eaaa0000, 0x00000000ec000000, 0x0000000100000000)
   the space 21888K,  18% used [0x00000000eaaa0000, 0x00000000eae7c1b8, 0x00000000eae7c200, 0x00000000ec000000)
 Metaspace       used 11335K, capacity 11528K, committed 11904K, reserved 1058816K
  class space    used 1441K, capacity 1540K, committed 1664K, reserved 1048576K
Event: 5.301 GC heap after
Heap after GC invocations=7 (full 0):
 def new generation   total 9792K, used 1087K [0x00000000e0000000, 0x00000000e0aa0000, 0x00000000eaaa0000)
  eden space 8704K,   0% used [0x00000000e0000000, 0x00000000e0000000, 0x00000000e0880000)
  from space 1088K,  99% used [0x00000000e0990000, 0x00000000e0a9fff0, 0x00000000e0aa0000)
  to   space 1088K,   0% used [0x00000000e0880000, 0x00000000e0880000, 0x00000000e0990000)
 tenured generation   total 21888K, used 4817K [0x00000000eaaa0000, 0x00000000ec000000, 0x0000000100000000)
   the space 21888K,  22% used [0x00000000eaaa0000, 0x00000000eaf54658, 0x00000000eaf54800, 0x00000000ec000000)
 Metaspace       used 11335K, capacity 11528K, committed 11904K, reserved 1058816K
  class space    used 1441K, capacity 1540K, committed 1664K, reserved 1048576K
}
Event: 6.202 GC heap before
{Heap before GC invocations=7 (full 0):
 def new generation   total 9792K, used 9791K [0x00000000e0000000, 0x00000000e0aa0000, 0x00000000eaaa0000)
  eden space 8704K, 100% used [0x00000000e0000000, 0x00000000e0880000, 0x00000000e0880000)
  from space 1088K,  99% used [0x00000000e0990000, 0x00000000e0a9fff0, 0x00000000e0aa0000)
  to   space 1088K,   0% used [0x00000000e0880000, 0x00000000e0880000, 0x00000000e0990000)
 tenured generation   total 21888K, used 4817K [0x00000000eaaa0000, 0x00000000ec000000, 0x0000000100000000)
   the space 21888K,  22% used [0x00000000eaaa0000, 0x00000000eaf54658, 0x00000000eaf54800, 0x00000000ec000000)
 Metaspace       used 12460K, capacity 12628K, committed 12800K, reserved 1060864K
  class space    used 1588K, capacity 1670K, committed 1792K, reserved 1048576K
Event: 6.210 GC heap after
Heap after GC invocations=8 (full 0):
 def new generation   total 9792K, used 1087K [0x00000000e0000000, 0x00000000e0aa0000, 0x00000000eaaa0000)
  eden space 8704K,   0% used [0x00000000e0000000, 0x00000000e0000000, 0x00000000e0880000)
  from space 1088K,  99% used [0x00000000e0880000, 0x00000000e098fff8, 0x00000000e0990000)
  to   space 1088K,   0% used [0x00000000e0990000, 0x00000000e0990000, 0x00000000e0aa0000)
 tenured generation   total 21888K, used 5675K [0x00000000eaaa0000, 0x00000000ec000000, 0x0000000100000000)
   the space 21888K,  25% used [0x00000000eaaa0000, 0x00000000eb02acb8, 0x00000000eb02ae00, 0x00000000ec000000)
 Metaspace       used 12460K, capacity 12628K, committed 12800K, reserved 1060864K
  class space    used 1588K, capacity 1670K, committed 1792K, reserved 1048576K
}
Event: 7.117 GC heap before
{Heap before GC invocations=8 (full 0):
 def new generation   total 9792K, used 9791K [0x00000000e0000000, 0x00000000e0aa0000, 0x00000000eaaa0000)
  eden space 8704K, 100% used [0x00000000e0000000, 0x00000000e0880000, 0x00000000e0880000)
  from space 1088K,  99% used [0x00000000e0880000, 0x00000000e098fff8, 0x00000000e0990000)
  to   space 1088K,   0% used [0x00000000e0990000, 0x00000000e0990000, 0x00000000e0aa0000)
 tenured generation   total 21888K, used 5675K [0x00000000eaaa0000, 0x00000000ec000000, 0x0000000100000000)
   the space 21888K,  25% used [0x00000000eaaa0000, 0x00000000eb02acb8, 0x00000000eb02ae00, 0x00000000ec000000)
 Metaspace       used 14138K, capacity 14346K, committed 14464K, reserved 1062912K
  class space    used 1757K, capacity 1871K, committed 1920K, reserved 1048576K
Event: 7.125 GC heap after
Heap after GC invocations=9 (full 0):
 def new generation   total 9792K, used 1088K [0x00000000e0000000, 0x00000000e0aa0000, 0x00000000eaaa0000)
  eden space 8704K,   0% used [0x00000000e0000000, 0x00000000e0000000, 0x00000000e0880000)
  from space 1088K, 100% used [0x00000000e0990000, 0x00000000e0aa0000, 0x00000000e0aa0000)
  to   space 1088K,   0% used [0x00000000e0880000, 0x00000000e0880000, 0x00000000e0990000)
 tenured generation   total 21888K, used 6722K [0x00000000eaaa0000, 0x00000000ec000000, 0x0000000100000000)
   the space 21888K,  30% used [0x00000000eaaa0000, 0x00000000eb1308e0, 0x00000000eb130a00, 0x00000000ec000000)
 Metaspace       used 14138K, capacity 14346K, committed 14464K, reserved 1062912K
  class space    used 1757K, capacity 1871K, committed 1920K, reserved 1048576K
}

