# JRE version: Java(TM) SE Runtime Environment (8.0_172-b11) (build 1.8.0_172-b11)
# Java VM: Java HotSpot(TM) 64-Bit Server VM (25.172-b11 mixed mode windows-amd64 compressed oops)
Heap:
 def new generation   total 9920K, used 2572K [0x00000000e0000000, 0x00000000e0ac0000, 0x00000000eaaa0000)
  eden space 8832K,  18% used [0x00000000e0000000, 0x00000000e018f960, 0x00000000e08a0000)
  from space 1088K,  89% used [0x00000000e08a0000, 0x00000000e09938c0, 0x00000000e09b0000)
  to   space 1088K,   0% used [0x00000000e09b0000, 0x00000000e09b0000, 0x00000000e0ac0000)
 tenured generation   total 21888K, used 11804K [0x00000000eaaa0000, 0x00000000ec000000, 0x0000000100000000)
   the space 21888K,  53% used [0x00000000eaaa0000, 0x00000000eb627140, 0x00000000eb627200, 0x00000000ec000000)
 Metaspace       used 27980K, capacity 28450K, committed 28672K, reserved 1075200K
  class space    used 3578K, capacity 3733K, committed 3840K, reserved 1048576K
GC Heap History (10 events):
Event: 33.367 GC heap before
{Heap before GC invocations=13 (full 2):
 def new generation   total 9920K, used 9813K [0x00000000e0000000, 0x00000000e0ac0000, 0x00000000eaaa0000)
  eden space 8832K, 100% used [0x00000000e0000000, 0x00000000e08a0000, 0x00000000e08a0000)
  from space 1088K,  90% used [0x00000000e09b0000, 0x00000000e0aa57c8, 0x00000000e0ac0000)
  to   space 1088K,   0% used [0x00000000e08a0000, 0x00000000e08a0000, 0x00000000e09b0000)
 tenured generation   total 21888K, used 12144K [0x00000000eaaa0000, 0x00000000ec000000, 0x0000000100000000)
   the space 21888K,  55% used [0x00000000eaaa0000, 0x00000000eb67c168, 0x00000000eb67c200, 0x00000000ec000000)
 Metaspace       used 20733K, capacity 21188K, committed 21376K, reserved 1067008K
  class space    used 2702K, capacity 2878K, committed 2944K, reserved 1048576K
Event: 33.370 GC heap after
Heap after GC invocations=14 (full 2):
 def new generation   total 9920K, used 610K [0x00000000e0000000, 0x00000000e0ac0000, 0x00000000eaaa0000)
  eden space 8832K,   0% used [0x00000000e0000000, 0x00000000e0000000, 0x00000000e08a0000)
  from space 1088K,  56% used [0x00000000e08a0000, 0x00000000e0938ae8, 0x00000000e09b0000)
  to   space 1088K,   0% used [0x00000000e09b0000, 0x00000000e09b0000, 0x00000000e0ac0000)
 tenured generation   total 21888K, used 12309K [0x00000000eaaa0000, 0x00000000ec000000, 0x0000000100000000)
   the space 21888K,  56% used [0x00000000eaaa0000, 0x00000000eb6a54c8, 0x00000000eb6a5600, 0x00000000ec000000)
 Metaspace       used 20733K, capacity 21188K, committed 21376K, reserved 1067008K
  class space    used 2702K, capacity 2878K, committed 2944K, reserved 1048576K
}
Event: 37.151 GC heap before
{Heap before GC invocations=14 (full 2):
 def new generation   total 9920K, used 9442K [0x00000000e0000000, 0x00000000e0ac0000, 0x00000000eaaa0000)
  eden space 8832K, 100% used [0x00000000e0000000, 0x00000000e08a0000, 0x00000000e08a0000)
  from space 1088K,  56% used [0x00000000e08a0000, 0x00000000e0938ae8, 0x00000000e09b0000)
  to   space 1088K,   0% used [0x00000000e09b0000, 0x00000000e09b0000, 0x00000000e0ac0000)
 tenured generation   total 21888K, used 12309K [0x00000000eaaa0000, 0x00000000ec000000, 0x0000000100000000)
   the space 21888K,  56% used [0x00000000eaaa0000, 0x00000000eb6a54c8, 0x00000000eb6a5600, 0x00000000ec000000)
 Metaspace       used 23484K, capacity 23880K, committed 24192K, reserved 1071104K
  class space    used 2992K, capacity 3136K, committed 3200K, reserved 1048576K
Event: 37.157 GC heap after
Heap after GC invocations=15 (full 2):
 def new generation   total 9920K, used 1088K [0x00000000e0000000, 0x00000000e0ac0000, 0x00000000eaaa0000)
  eden space 8832K,   0% used [0x00000000e0000000, 0x00000000e0000000, 0x00000000e08a0000)
  from space 1088K, 100% used [0x00000000e09b0000, 0x00000000e0ac0000, 0x00000000e0ac0000)
  to   space 1088K,   0% used [0x00000000e08a0000, 0x00000000e08a0000, 0x00000000e09b0000)
 tenured generation   total 21888K, used 12728K [0x00000000eaaa0000, 0x00000000ec000000, 0x0000000100000000)
   the space 21888K,  58% used [0x00000000eaaa0000, 0x00000000eb70e140, 0x00000000eb70e200, 0x00000000ec000000)
 Metaspace       used 23484K, capacity 23880K, committed 24192K, reserved 1071104K
  class space    used 2992K, capacity 3136K, committed 3200K, reserved 1048576K
}
Event: 37.968 GC heap before
{Heap before GC invocations=15 (full 2):
 def new generation   total 9920K, used 1741K [0x00000000e0000000, 0x00000000e0ac0000, 0x00000000eaaa0000)
  eden space 8832K,   7% used [0x00000000e0000000, 0x00000000e00a37d8, 0x00000000e08a0000)
  from space 1088K, 100% used [0x00000000e09b0000, 0x00000000e0ac0000, 0x00000000e0ac0000)
  to   space 1088K,   0% used [0x00000000e08a0000, 0x00000000e08a0000, 0x00000000e09b0000)
 tenured generation   total 21888K, used 12728K [0x00000000eaaa0000, 0x00000000ec000000, 0x0000000100000000)
   the space 21888K,  58% used [0x00000000eaaa0000, 0x00000000eb70e140, 0x00000000eb70e200, 0x00000000ec000000)
 Metaspace       used 24801K, capacity 25234K, committed 25344K, reserved 1075200K
  class space    used 3140K, capacity 3309K, committed 3328K, reserved 1048576K
Event: 38.004 GC heap after
Heap after GC invocations=16 (full 3):
 def new generation   total 9920K, used 0K [0x00000000e0000000, 0x00000000e0ac0000, 0x00000000eaaa0000)
  eden space 8832K,   0% used [0x00000000e0000000, 0x00000000e0000000, 0x00000000e08a0000)
  from space 1088K,   0% used [0x00000000e09b0000, 0x00000000e09b0000, 0x00000000e0ac0000)
  to   space 1088K,   0% used [0x00000000e08a0000, 0x00000000e08a0000, 0x00000000e09b0000)
 tenured generation   total 21888K, used 12897K [0x00000000eaaa0000, 0x00000000ec000000, 0x0000000100000000)
   the space 21888K,  58% used [0x00000000eaaa0000, 0x00000000eb738578, 0x00000000eb738600, 0x00000000ec000000)
 Metaspace       used 24801K, capacity 25234K, committed 25344K, reserved 1073152K
  class space    used 3140K, capacity 3309K, committed 3328K, reserved 1048576K
}
Event: 38.025 GC heap before
{Heap before GC invocations=16 (full 3):
 def new generation   total 9920K, used 443K [0x00000000e0000000, 0x00000000e0ac0000, 0x00000000eaaa0000)
  eden space 8832K,   5% used [0x00000000e0000000, 0x00000000e006ef28, 0x00000000e08a0000)
  from space 1088K,   0% used [0x00000000e09b0000, 0x00000000e09b0000, 0x00000000e0ac0000)
  to   space 1088K,   0% used [0x00000000e08a0000, 0x00000000e08a0000, 0x00000000e09b0000)
 tenured generation   total 21888K, used 12897K [0x00000000eaaa0000, 0x00000000ec000000, 0x0000000100000000)
   the space 21888K,  58% used [0x00000000eaaa0000, 0x00000000eb738578, 0x00000000eb738600, 0x00000000ec000000)
 Metaspace       used 24871K, capacity 25362K, committed 25600K, reserved 1073152K
  class space    used 3148K, capacity 3309K, committed 3328K, reserved 1048576K
Event: 38.066 GC heap after
Heap after GC invocations=17 (full 4):
 def new generation   total 9920K, used 0K [0x00000000e0000000, 0x00000000e0ac0000, 0x00000000eaaa0000)
  eden space 8832K,   0% used [0x00000000e0000000, 0x00000000e0000000, 0x00000000e08a0000)
  from space 1088K,   0% used [0x00000000e09b0000, 0x00000000e09b0000, 0x00000000e0ac0000)
  to   space 1088K,   0% used [0x00000000e08a0000, 0x00000000e08a0000, 0x00000000e09b0000)
 tenured generation   total 21888K, used 11804K [0x00000000eaaa0000, 0x00000000ec000000, 0x0000000100000000)
   the space 21888K,  53% used [0x00000000eaaa0000, 0x00000000eb627140, 0x00000000eb627200, 0x00000000ec000000)
 Metaspace       used 24871K, capacity 25362K, committed 25600K, reserved 1073152K
  class space    used 3148K, capacity 3309K, committed 3328K, reserved 1048576K
}
Event: 39.969 GC heap before
{Heap before GC invocations=17 (full 4):
 def new generation   total 9920K, used 8832K [0x00000000e0000000, 0x00000000e0ac0000, 0x00000000eaaa0000)
  eden space 8832K, 100% used [0x00000000e0000000, 0x00000000e08a0000, 0x00000000e08a0000)
  from space 1088K,   0% used [0x00000000e09b0000, 0x00000000e09b0000, 0x00000000e0ac0000)
  to   space 1088K,   0% used [0x00000000e08a0000, 0x00000000e08a0000, 0x00000000e09b0000)
 tenured generation   total 21888K, used 11804K [0x00000000eaaa0000, 0x00000000ec000000, 0x0000000100000000)
   the space 21888K,  53% used [0x00000000eaaa0000, 0x00000000eb627140, 0x00000000eb627200, 0x00000000ec000000)
 Metaspace       used 27862K, capacity 28322K, committed 28672K, reserved 1075200K
  class space    used 3561K, capacity 3733K, committed 3840K, reserved 1048576K
Event: 39.973 GC heap after
Heap after GC invocations=18 (full 4):
 def new generation   total 9920K, used 974K [0x00000000e0000000, 0x00000000e0ac0000, 0x00000000eaaa0000)
  eden space 8832K,   0% used [0x00000000e0000000, 0x00000000e0000000, 0x00000000e08a0000)
  from space 1088K,  89% used [0x00000000e08a0000, 0x00000000e09938c0, 0x00000000e09b0000)
  to   space 1088K,   0% used [0x00000000e09b0000, 0x00000000e09b0000, 0x00000000e0ac0000)
 tenured generation   total 21888K, used 11804K [0x00000000eaaa0000, 0x00000000ec000000, 0x0000000100000000)
   the space 21888K,  53% used [0x00000000eaaa0000, 0x00000000eb627140, 0x00000000eb627200, 0x00000000ec000000)
 Metaspace       used 27862K, capacity 28322K, committed 28672K, reserved 1075200K
  class space    used 3561K, capacity 3733K, committed 3840K, reserved 1048576K
}

