<?xml version="1.0" encoding="UTF-8"?>
<!-- Generated by org.testng.reporters.JUnitXMLReporter -->
<testsuite hostname="GOT500VI73546" ignored="0" name="AGVFLOW_Test1" tests="2" failures="0" timestamp="26 Jul 2018 11:14:30 GMT" time="0.737" errors="0">
  <testcase name="@BeforeMethod InitTestMethod" time="0.002" classname="com.volvo.mfg.test.TestBase">
    <failure type="java.lang.NullPointerException">
      <![CDATA[java.lang.NullPointerException
at com.volvo.ncl.reports.Reports.startTestCase(Reports.java:36)
at com.volvo.mfg.test.TestBase.InitTestMethod(TestBase.java:130)
at java.util.concurrent.ThreadPoolExecutor.runWorker(Unknown Source)
at java.util.concurrent.ThreadPoolExecutor$Worker.run(Unknown Source)
at java.lang.Thread.run(Unknown Source)
... Removed 13 stack frames]]>
    </failure>
  </testcase> <!-- @BeforeMethod InitTestMethod -->
  <testcase name="@BeforeMethod InitTestMethod" time="0.003" classname="com.volvo.mfg.test.TestBase">
    <failure type="java.lang.NullPointerException">
      <![CDATA[java.lang.NullPointerException
at com.volvo.ncl.reports.Reports.startTestCase(Reports.java:36)
at com.volvo.mfg.test.TestBase.InitTestMethod(TestBase.java:130)
at java.util.concurrent.ThreadPoolExecutor.runWorker(Unknown Source)
at java.util.concurrent.ThreadPoolExecutor$Worker.run(Unknown Source)
at java.lang.Thread.run(Unknown Source)
... Removed 13 stack frames]]>
    </failure>
  </testcase> <!-- @BeforeMethod InitTestMethod -->
  <testcase name="@BeforeMethod startTest" time="0.0" classname="com.volvo.mfg.test.TestBase">
    <skipped/>
  </testcase> <!-- @BeforeMethod startTest -->
  <testcase name="@AfterMethod afterMethods" time="0.0" classname="com.volvo.mfg.test.TestBase">
    <skipped/>
  </testcase> <!-- @AfterMethod afterMethods -->
  <testcase name="@AfterMethod endTest" time="0.0" classname="com.volvo.mfg.test.TestBase">
    <skipped/>
  </testcase> <!-- @AfterMethod endTest -->
  <testcase name="@BeforeMethod InitTestMethod" time="0.0" classname="com.volvo.mfg.test.TestBase">
    <skipped/>
  </testcase> <!-- @BeforeMethod InitTestMethod -->
  <testcase name="@BeforeMethod startTest" time="0.0" classname="com.volvo.mfg.test.TestBase">
    <skipped/>
  </testcase> <!-- @BeforeMethod startTest -->
  <testcase name="@AfterMethod afterMethods" time="0.0" classname="com.volvo.mfg.test.TestBase">
    <skipped/>
  </testcase> <!-- @AfterMethod afterMethods -->
  <testcase name="@AfterMethod endTest" time="0.0" classname="com.volvo.mfg.test.TestBase">
    <skipped/>
  </testcase> <!-- @AfterMethod endTest -->
  <testcase name="@AfterClass cleanUp" time="0.0" classname="com.volvo.mfg.test.TestBase">
    <skipped/>
  </testcase> <!-- @AfterClass cleanUp -->
  <testcase name="@BeforeMethod startTest" time="0.0" classname="com.volvo.mfg.test.TestBase">
    <skipped/>
  </testcase> <!-- @BeforeMethod startTest -->
  <testcase name="@AfterMethod afterMethods" time="0.0" classname="com.volvo.mfg.test.TestBase">
    <skipped/>
  </testcase> <!-- @AfterMethod afterMethods -->
  <testcase name="@AfterMethod endTest" time="0.0" classname="com.volvo.mfg.test.TestBase">
    <skipped/>
  </testcase> <!-- @AfterMethod endTest -->
  <testcase name="@BeforeMethod InitTestMethod" time="0.0" classname="com.volvo.mfg.test.TestBase">
    <skipped/>
  </testcase> <!-- @BeforeMethod InitTestMethod -->
  <testcase name="@BeforeMethod startTest" time="0.0" classname="com.volvo.mfg.test.TestBase">
    <skipped/>
  </testcase> <!-- @BeforeMethod startTest -->
  <testcase name="@AfterMethod afterMethods" time="0.0" classname="com.volvo.mfg.test.TestBase">
    <skipped/>
  </testcase> <!-- @AfterMethod afterMethods -->
  <testcase name="@AfterMethod endTest" time="0.0" classname="com.volvo.mfg.test.TestBase">
    <skipped/>
  </testcase> <!-- @AfterMethod endTest -->
  <testcase name="@AfterClass cleanUp" time="0.0" classname="com.volvo.mfg.test.TestBase">
    <skipped/>
  </testcase> <!-- @AfterClass cleanUp -->
  <testcase name="MfgLogin" time="0.0" classname="com.volvo.mfg.test.TestLoginPages">
    <skipped/>
  </testcase> <!-- MfgLogin -->
  <testcase name="MfgLogin" time="0.0" classname="com.volvo.mfg.test.TestLoginPages">
    <skipped/>
  </testcase> <!-- MfgLogin -->
</testsuite> <!-- AGVFLOW_Test1 -->
