<?xml version="1.0" encoding="UTF-8"?>
<!-- Generated by org.testng.reporters.JUnitXMLReporter -->
<testsuite hostname="GOT500VI73546" ignored="0" name="GB(failed)(failed)" tests="1" failures="0" timestamp="23 Jun 2018 11:03:56 GMT" time="10.72" errors="0">
  <testcase name="@BeforeMethod InitTestMethod" time="0.0" classname="com.volvo.ncl.test.TestBase">
    <failure type="java.lang.NullPointerException">
      <![CDATA[java.lang.NullPointerException
at com.volvo.ncl.reports.Reports.startTestCase(Reports.java:32)
at com.volvo.ncl.test.TestBase.InitTestMethod(TestBase.java:242)
at java.util.concurrent.ThreadPoolExecutor.runWorker(Unknown Source)
at java.util.concurrent.ThreadPoolExecutor$Worker.run(Unknown Source)
at java.lang.Thread.run(Unknown Source)
... Removed 13 stack frames]]>
    </failure>
  </testcase> <!-- @BeforeMethod InitTestMethod -->
  <testcase name="@AfterMethod DeInitTestMethod" time="0.0" classname="com.volvo.ncl.test.TestBase">
    <skipped/>
  </testcase> <!-- @AfterMethod DeInitTestMethod -->
  <testcase name="@AfterClass cleanUp" time="0.0" classname="com.volvo.ncl.test.TestBase">
    <skipped/>
  </testcase> <!-- @AfterClass cleanUp -->
  <testcase name="@AfterTest endTest" time="0.0" classname="com.volvo.ncl.test.TestBase">
    <skipped/>
  </testcase> <!-- @AfterTest endTest -->
  <testcase name="DealerSelection" time="0.0" classname="com.volvo.ncl.test.TestDealerHome">
    <skipped/>
  </testcase> <!-- DealerSelection -->
</testsuite> <!-- GB(failed)(failed) -->
